"D:\Program Files\JetBrains\CLion 2020.3.2\bin\cmake\win\bin\cmake.exe" -DCMAKE_BUILD_TYPE=Debug "-DCMAKE_CXX_COMPILER=C:/Program Files (x86)/Microsoft Visual Studio/2019/Community/VC/Tools/MSVC/14.28.29333/bin/Hostx86/x64/cl.exe" -G "CodeBlocks - NMake Makefiles" C:\Users\patry\CLionProjects\untitled4
-- The C compiler identification is MSVC 19.28.29334.0
-- Check for working C compiler: C:/Program Files (x86)/Microsoft Visual Studio/2019/Community/VC/Tools/MSVC/14.28.29333/bin/Hostx86/x86/cl.exe
-- Check for working C compiler: C:/Program Files (x86)/Microsoft Visual Studio/2019/Community/VC/Tools/MSVC/14.28.29333/bin/Hostx86/x86/cl.exe - broken
CMake Error at D:/Program Files/JetBrains/CLion 2020.3.2/bin/cmake/win/share/cmake-3.17/Modules/CMakeTestCCompiler.cmake:60 (message):
  The C compiler

    "C:/Program Files (x86)/Microsoft Visual Studio/2019/Community/VC/Tools/MSVC/14.28.29333/bin/Hostx86/x86/cl.exe"

  is not able to compile a simple test program.

  It fails with the following output:

    Change Dir: C:/Users/patry/CLionProjects/untitled4/cmake-build-debug/CMakeFiles/CMakeTmp
    
    Run Build Command(s):nmake /nologo cmTC_d2233\fast && 	"C:\Program Files (x86)\Microsoft Visual Studio\2019\Community\VC\Tools\MSVC\14.28.29333\bin\HostX86\x86\nmake.exe"  -f CMakeFiles\cmTC_d2233.dir\build.make /nologo -L                  CMakeFiles\cmTC_d2233.dir\build
    Building C object CMakeFiles/cmTC_d2233.dir/testCCompiler.c.obj
    	C:\PROGRA~2\MICROS~2\2019\COMMUN~1\VC\Tools\MSVC\1428~1.293\bin\Hostx86\x86\cl.exe @C:\Users\patry\AppData\Local\Temp\nm8202.tmp
    testCCompiler.c
    Linking C executable cmTC_d2233.exe
    	"D:\Program Files\JetBrains\CLion 2020.3.2\bin\cmake\win\bin\cmake.exe" -E vs_link_exe --intdir=CMakeFiles\cmTC_d2233.dir --rc=rc --mt=CMAKE_MT-NOTFOUND --manifests  -- C:\PROGRA~2\MICROS~2\2019\COMMUN~1\VC\Tools\MSVC\1428~1.293\bin\Hostx86\x86\link.exe /nologo @CMakeFiles\cmTC_d2233.dir\objects1.rsp @C:\Users\patry\AppData\Local\Temp\nm834B.tmp
    RC Pass 1: command "rc /fo CMakeFiles\cmTC_d2233.dir/manifest.res CMakeFiles\cmTC_d2233.dir/manifest.rc" failed (exit code 0) with the following output:
    Nie moĹĽna odnaleĹşÄ‡ okreĹ›lonego plikuNMAKE : fatal error U1077: Ă¤"D:\Program Files\JetBrains\CLion 2020.3.2\bin\cmake\win\bin\cmake.exe"Ă¶: kod powrotu Ă¤0xffffffffĂ¶
    Stop.
    NMAKE : fatal error U1077: Ă¤"C:\Program Files (x86)\Microsoft Visual Studio\2019\Community\VC\Tools\MSVC\14.28.29333\bin\HostX86\x86\nmake.exe"Ă¶: kod powrotu Ă¤0x2Ă¶
    Stop.
    
    

  

  CMake will not be able to correctly generate this project.
Call Stack (most recent call first):
  CMakeLists.txt:2 (project)


-- Configuring incomplete, errors occurred!
See also "C:/Users/patry/CLionProjects/untitled4/cmake-build-debug/CMakeFiles/CMakeOutput.log".
See also "C:/Users/patry/CLionProjects/untitled4/cmake-build-debug/CMakeFiles/CMakeError.log".
